<?xml version="1.0" encoding="UTF-8"?>
<testsuite xmlns:xsi="http://www.w3.org/2001/XMLSchema-instance" xsi:noNamespaceSchemaLocation="https://maven.apache.org/surefire/maven-surefire-plugin/xsd/surefire-test-report.xsd" name="br.com.fiap.trabalho_final.TrabalhoFinalApplicationTests" time="19.893" tests="1" errors="0" skipped="0" failures="1">
  <properties>
[...]
</properties>
  <testcase name="SaveTransaction" classname="br.com.fiap.trabalho_final.TrabalhoFinalApplicationTests" time="0.705">
    <failure message="Status expected:&lt;204&gt; but was:&lt;415&gt;" type="java.lang.AssertionError"><![CDATA[java.lang.AssertionError: Status expected:<204> but was:<415>
	at br.com.fiap.trabalho_final.TrabalhoFinalApplicationTests.SaveTransaction(TrabalhoFinalApplicationTests.java:54)
]]></failure>
    <system-out><![CDATA[14:42:49.348 [main] DEBUG org.springframework.test.context.junit4.SpringJUnit4ClassRunner - SpringJUnit4ClassRunner constructor called with [class br.com.fiap.trabalho_final.TrabalhoFinalApplicationTests]
14:42:49.432 [main] DEBUG org.springframework.test.context.BootstrapUtils - Instantiating CacheAwareContextLoaderDelegate from class [org.springframework.test.context.cache.DefaultCacheAwareContextLoaderDelegate]
14:42:49.527 [main] DEBUG org.springframework.test.context.BootstrapUtils - Instantiating BootstrapContext using constructor [public org.springframework.test.context.support.DefaultBootstrapContext(java.lang.Class,org.springframework.test.context.CacheAwareContextLoaderDelegate)]
14:42:49.716 [main] DEBUG org.springframework.test.context.BootstrapUtils - Instantiating TestContextBootstrapper for test class [br.com.fiap.trabalho_final.TrabalhoFinalApplicationTests] from class [org.springframework.boot.test.autoconfigure.web.servlet.WebMvcTestContextBootstrapper]
14:42:49.779 [main] INFO org.springframework.boot.test.autoconfigure.web.servlet.WebMvcTestContextBootstrapper - Neither @ContextConfiguration nor @ContextHierarchy found for test class [br.com.fiap.trabalho_final.TrabalhoFinalApplicationTests], using SpringBootContextLoader
14:42:49.790 [main] DEBUG org.springframework.test.context.support.AbstractContextLoader - Did not detect default resource location for test class [br.com.fiap.trabalho_final.TrabalhoFinalApplicationTests]: class path resource [br/com/fiap/trabalho_final/TrabalhoFinalApplicationTests-context.xml] does not exist
14:42:49.791 [main] DEBUG org.springframework.test.context.support.AbstractContextLoader - Did not detect default resource location for test class [br.com.fiap.trabalho_final.TrabalhoFinalApplicationTests]: class path resource [br/com/fiap/trabalho_final/TrabalhoFinalApplicationTestsContext.groovy] does not exist
14:42:49.803 [main] INFO org.springframework.test.context.support.AbstractContextLoader - Could not detect default resource locations for test class [br.com.fiap.trabalho_final.TrabalhoFinalApplicationTests]: no resource found for suffixes {-context.xml, Context.groovy}.
14:42:49.849 [main] INFO org.springframework.test.context.support.AnnotationConfigContextLoaderUtils - Could not detect default configuration classes for test class [br.com.fiap.trabalho_final.TrabalhoFinalApplicationTests]: TrabalhoFinalApplicationTests does not declare any static, non-private, non-final, nested classes annotated with @Configuration.
14:42:50.727 [main] DEBUG org.springframework.test.context.support.ActiveProfilesUtils - Could not find an 'annotation declaring class' for annotation type [org.springframework.test.context.ActiveProfiles] and class [br.com.fiap.trabalho_final.TrabalhoFinalApplicationTests]
14:42:51.133 [main] DEBUG org.springframework.context.annotation.ClassPathScanningCandidateComponentProvider - Identified candidate component class: file [C:\Users\Luis Padovani\Desktop\fiap_trabalho_estatisticas\target\classes\br\com\fiap\trabalho_final\TrabalhoFinalApplication.class]
14:42:51.173 [main] INFO org.springframework.boot.test.context.SpringBootTestContextBootstrapper - Found @SpringBootConfiguration br.com.fiap.trabalho_final.TrabalhoFinalApplication for test class br.com.fiap.trabalho_final.TrabalhoFinalApplicationTests
14:42:51.192 [main] DEBUG org.springframework.boot.test.autoconfigure.web.servlet.WebMvcTestContextBootstrapper - @TestExecutionListeners is not present for class [br.com.fiap.trabalho_final.TrabalhoFinalApplicationTests]: using defaults.
14:42:51.195 [main] INFO org.springframework.boot.test.autoconfigure.web.servlet.WebMvcTestContextBootstrapper - Loaded default TestExecutionListener class names from location [META-INF/spring.factories]: [org.springframework.boot.test.mock.mockito.MockitoTestExecutionListener, org.springframework.boot.test.mock.mockito.ResetMocksTestExecutionListener, org.springframework.boot.test.autoconfigure.restdocs.RestDocsTestExecutionListener, org.springframework.boot.test.autoconfigure.web.client.MockRestServiceServerResetTestExecutionListener, org.springframework.boot.test.autoconfigure.web.servlet.MockMvcPrintOnlyOnFailureTestExecutionListener, org.springframework.boot.test.autoconfigure.web.servlet.WebDriverTestExecutionListener, org.springframework.test.context.web.ServletTestExecutionListener, org.springframework.test.context.support.DirtiesContextBeforeModesTestExecutionListener, org.springframework.test.context.support.DependencyInjectionTestExecutionListener, org.springframework.test.context.support.DirtiesContextTestExecutionListener, org.springframework.test.context.transaction.TransactionalTestExecutionListener, org.springframework.test.context.jdbc.SqlScriptsTestExecutionListener]
14:42:51.340 [main] DEBUG org.springframework.boot.test.autoconfigure.web.servlet.WebMvcTestContextBootstrapper - Skipping candidate TestExecutionListener [org.springframework.test.context.transaction.TransactionalTestExecutionListener] due to a missing dependency. Specify custom listener classes or make the default listener classes and their required dependencies available. Offending class: [org/springframework/transaction/interceptor/TransactionAttributeSource]
14:42:51.350 [main] DEBUG org.springframework.boot.test.autoconfigure.web.servlet.WebMvcTestContextBootstrapper - Skipping candidate TestExecutionListener [org.springframework.test.context.jdbc.SqlScriptsTestExecutionListener] due to a missing dependency. Specify custom listener classes or make the default listener classes and their required dependencies available. Offending class: [org/springframework/transaction/interceptor/TransactionAttribute]
14:42:51.354 [main] INFO org.springframework.boot.test.autoconfigure.web.servlet.WebMvcTestContextBootstrapper - Using TestExecutionListeners: [org.springframework.test.context.web.ServletTestExecutionListener@159f197, org.springframework.test.context.support.DirtiesContextBeforeModesTestExecutionListener@78aab498, org.springframework.boot.test.mock.mockito.MockitoTestExecutionListener@5dd6264, org.springframework.boot.test.autoconfigure.SpringBootDependencyInjectionTestExecutionListener@1ffe63b9, org.springframework.test.context.support.DirtiesContextTestExecutionListener@51e5fc98, org.springframework.boot.test.mock.mockito.ResetMocksTestExecutionListener@7c469c48, org.springframework.boot.test.autoconfigure.restdocs.RestDocsTestExecutionListener@12e61fe6, org.springframework.boot.test.autoconfigure.web.client.MockRestServiceServerResetTestExecutionListener@7ee955a8, org.springframework.boot.test.autoconfigure.web.servlet.MockMvcPrintOnlyOnFailureTestExecutionListener@1677d1, org.springframework.boot.test.autoconfigure.web.servlet.WebDriverTestExecutionListener@48fa0f47]
14:42:51.418 [main] DEBUG org.springframework.test.annotation.ProfileValueUtils - Retrieved @ProfileValueSourceConfiguration [null] for test class [br.com.fiap.trabalho_final.TrabalhoFinalApplicationTests]
14:42:51.419 [main] DEBUG org.springframework.test.annotation.ProfileValueUtils - Retrieved ProfileValueSource type [class org.springframework.test.annotation.SystemProfileValueSource] for class [br.com.fiap.trabalho_final.TrabalhoFinalApplicationTests]
14:42:51.456 [main] DEBUG org.springframework.test.annotation.ProfileValueUtils - Retrieved @ProfileValueSourceConfiguration [null] for test class [br.com.fiap.trabalho_final.TrabalhoFinalApplicationTests]
14:42:51.457 [main] DEBUG org.springframework.test.annotation.ProfileValueUtils - Retrieved ProfileValueSource type [class org.springframework.test.annotation.SystemProfileValueSource] for class [br.com.fiap.trabalho_final.TrabalhoFinalApplicationTests]
14:42:51.459 [main] DEBUG org.springframework.test.annotation.ProfileValueUtils - Retrieved @ProfileValueSourceConfiguration [null] for test class [br.com.fiap.trabalho_final.TrabalhoFinalApplicationTests]
14:42:51.460 [main] DEBUG org.springframework.test.annotation.ProfileValueUtils - Retrieved ProfileValueSource type [class org.springframework.test.annotation.SystemProfileValueSource] for class [br.com.fiap.trabalho_final.TrabalhoFinalApplicationTests]
14:42:51.468 [main] DEBUG org.springframework.test.context.support.AbstractDirtiesContextTestExecutionListener - Before test class: context [DefaultTestContext@2ea227af testClass = TrabalhoFinalApplicationTests, testInstance = [null], testMethod = [null], testException = [null], mergedContextConfiguration = [WebMergedContextConfiguration@4386f16 testClass = TrabalhoFinalApplicationTests, locations = '{}', classes = '{class br.com.fiap.trabalho_final.TrabalhoFinalApplication}', contextInitializerClasses = '[]', activeProfiles = '{}', propertySourceLocations = '{}', propertySourceProperties = '{org.springframework.boot.test.autoconfigure.web.servlet.WebMvcTestContextBootstrapper=true}', contextCustomizers = set[[ImportsContextCustomizer@363ee3a2 key = [org.springframework.boot.autoconfigure.cache.CacheAutoConfiguration, org.springframework.boot.autoconfigure.context.MessageSourceAutoConfiguration, org.springframework.boot.autoconfigure.data.web.SpringDataWebAutoConfiguration, org.springframework.boot.autoconfigure.freemarker.FreeMarkerAutoConfiguration, org.springframework.boot.autoconfigure.groovy.template.GroovyTemplateAutoConfiguration, org.springframework.boot.autoconfigure.gson.GsonAutoConfiguration, org.springframework.boot.autoconfigure.hateoas.HypermediaAutoConfiguration, org.springframework.boot.autoconfigure.http.HttpMessageConvertersAutoConfiguration, org.springframework.boot.autoconfigure.jackson.JacksonAutoConfiguration, org.springframework.boot.autoconfigure.jsonb.JsonbAutoConfiguration, org.springframework.boot.autoconfigure.mustache.MustacheAutoConfiguration, org.springframework.boot.autoconfigure.task.TaskExecutionAutoConfiguration, org.springframework.boot.autoconfigure.thymeleaf.ThymeleafAutoConfiguration, org.springframework.boot.autoconfigure.validation.ValidationAutoConfiguration, org.springframework.boot.autoconfigure.web.servlet.error.ErrorMvcAutoConfiguration, org.springframework.boot.autoconfigure.web.servlet.WebMvcAutoConfiguration, org.springframework.boot.test.autoconfigure.web.servlet.MockMvcAutoConfiguration, org.springframework.boot.test.autoconfigure.web.servlet.MockMvcSecurityAutoConfiguration, org.springframework.boot.test.autoconfigure.web.servlet.MockMvcWebClientAutoConfiguration, org.springframework.boot.test.autoconfigure.web.servlet.MockMvcWebDriverAutoConfiguration]], org.springframework.boot.test.context.filter.ExcludeFilterContextCustomizer@51b279c9, org.springframework.boot.test.json.DuplicateJsonObjectContextCustomizerFactory$DuplicateJsonObjectContextCustomizer@1cab0bfb, org.springframework.boot.test.mock.mockito.MockitoContextCustomizer@34d06d8e, org.springframework.boot.test.autoconfigure.OverrideAutoConfigurationContextCustomizerFactory$DisableAutoConfigurationContextCustomizer@45afc369, org.springframework.boot.test.autoconfigure.filter.TypeExcludeFiltersContextCustomizer@6c715a4b, org.springframework.boot.test.autoconfigure.properties.PropertyMappingContextCustomizer@c32af0f, org.springframework.boot.test.autoconfigure.web.servlet.WebDriverContextCustomizerFactory$Customizer@ba8d91c], resourceBasePath = '', contextLoader = 'org.springframework.boot.test.context.SpringBootContextLoader', parent = [null]], attributes = map[[empty]]], class annotated with @DirtiesContext [false] with mode [null].
14:42:51.471 [main] DEBUG org.springframework.test.annotation.ProfileValueUtils - Retrieved @ProfileValueSourceConfiguration [null] for test class [br.com.fiap.trabalho_final.TrabalhoFinalApplicationTests]
14:42:51.471 [main] DEBUG org.springframework.test.annotation.ProfileValueUtils - Retrieved ProfileValueSource type [class org.springframework.test.annotation.SystemProfileValueSource] for class [br.com.fiap.trabalho_final.TrabalhoFinalApplicationTests]
14:42:52.387 [main] DEBUG org.springframework.test.context.support.TestPropertySourceUtils - Adding inlined properties to environment: {spring.jmx.enabled=false, org.springframework.boot.test.autoconfigure.web.servlet.WebMvcTestContextBootstrapper=true, server.port=-1}

  .   ____          _            __ _ _
 /\\ / ___'_ __ _ _(_)_ __  __ _ \ \ \ \
( ( )\___ | '_ | '_| | '_ \/ _` | \ \ \ \
 \\/  ___)| |_)| | | | | || (_| |  ) ) ) )
  '  |____| .__|_| |_|_| |_\__, | / / / /
 =========|_|==============|___/=/_/_/_/
 :: Spring Boot ::        (v2.1.3.RELEASE)

2019-04-14 14:42:54.004  INFO 9412 --- [           main] b.c.f.t.TrabalhoFinalApplicationTests    : Starting TrabalhoFinalApplicationTests on WZTMWZT-9I0CP55 with PID 9412 (started by Luis Padovani in C:\Users\Luis Padovani\Desktop\fiap_trabalho_estatisticas)
2019-04-14 14:42:54.011  INFO 9412 --- [           main] b.c.f.t.TrabalhoFinalApplicationTests    : No active profile set, falling back to default profiles: default
2019-04-14 14:43:05.245  INFO 9412 --- [           main] o.s.s.concurrent.ThreadPoolTaskExecutor  : Initializing ExecutorService 'applicationTaskExecutor'
2019-04-14 14:43:06.480  INFO 9412 --- [           main] o.s.b.t.m.w.SpringBootMockServletContext : Initializing Spring TestDispatcherServlet ''
2019-04-14 14:43:06.480  INFO 9412 --- [           main] o.s.t.web.servlet.TestDispatcherServlet  : Initializing Servlet ''
2019-04-14 14:43:06.856  INFO 9412 --- [           main] o.s.t.web.servlet.TestDispatcherServlet  : Completed initialization in 376 ms
2019-04-14 14:43:07.116  INFO 9412 --- [           main] b.c.f.t.TrabalhoFinalApplicationTests    : Started TrabalhoFinalApplicationTests in 14.679 seconds (JVM running for 21.115)
2019-04-14 14:43:07.813  WARN 9412 --- [           main] .w.s.m.s.DefaultHandlerExceptionResolver : Resolved [org.springframework.web.HttpMediaTypeNotSupportedException: Content type 'application/octet-stream' not supported]

MockHttpServletRequest:
      HTTP Method = POST
      Request URI = /transactions
       Parameters = {}
          Headers = [Accept:"application/json"]
             Body = <no character encoding set>
    Session Attrs = {}

Handler:
             Type = br.com.fiap.trabalho_final.Controller.TransactionController
           Method = public org.springframework.http.ResponseEntity br.com.fiap.trabalho_final.Controller.TransactionController.save(br.com.fiap.trabalho_final.Domain.new_transaction)

Async:
    Async started = false
     Async result = null

Resolved Exception:
             Type = org.springframework.web.HttpMediaTypeNotSupportedException

ModelAndView:
        View name = null
             View = null
            Model = null

FlashMap:
       Attributes = null

MockHttpServletResponse:
           Status = 415
    Error message = null
          Headers = [Accept:"application/octet-stream, text/plain, application/xml, text/xml, application/x-www-form-urlencoded, application/*+xml, multipart/form-data, application/json, application/*+json, */*"]
     Content type = null
             Body = 
    Forwarded URL = null
   Redirected URL = null
          Cookies = []
]]></system-out>
  </testcase>
</testsuite>